2024-06-07 23:08:53,890 - INFO - Started Scraping URL -> 1/2
2024-06-07 23:08:59,988 - INFO - Getting Foreclosure Dates For -> 1/2
2024-06-07 23:09:50,390 - INFO - Started Scraping URL -> 2/2
2024-06-07 23:09:55,938 - INFO - Getting Foreclosure Dates For -> 2/2
2024-06-07 23:10:13,376 - WARNING - Retrying (Retry(total=2, connect=None, read=None, redirect=None, status=None)) after connection broken by 'NewConnectionError('<urllib3.connection.HTTPConnection object at 0x000001437AFDDD90>: Failed to establish a new connection: [WinError 10061] No connection could be made because the target machine actively refused it')': /session/8daeb7f6a2ceaf8141cdc35ea26c509a/element
2024-06-07 23:10:17,451 - WARNING - Retrying (Retry(total=1, connect=None, read=None, redirect=None, status=None)) after connection broken by 'NewConnectionError('<urllib3.connection.HTTPConnection object at 0x000001437AFDC850>: Failed to establish a new connection: [WinError 10061] No connection could be made because the target machine actively refused it')': /session/8daeb7f6a2ceaf8141cdc35ea26c509a/element
2024-06-07 23:10:23,549 - WARNING - Retrying (Retry(total=2, connect=None, read=None, redirect=None, status=None)) after connection broken by 'NewConnectionError('<urllib3.connection.HTTPConnection object at 0x000001437AB4F490>: Failed to establish a new connection: [WinError 10061] No connection could be made because the target machine actively refused it')': /session/8daeb7f6a2ceaf8141cdc35ea26c509a/element
2024-06-07 23:10:27,626 - WARNING - Retrying (Retry(total=1, connect=None, read=None, redirect=None, status=None)) after connection broken by 'NewConnectionError('<urllib3.connection.HTTPConnection object at 0x000001437AB3E990>: Failed to establish a new connection: [WinError 10061] No connection could be made because the target machine actively refused it')': /session/8daeb7f6a2ceaf8141cdc35ea26c509a/element
2024-06-07 23:10:31,700 - WARNING - Retrying (Retry(total=0, connect=None, read=None, redirect=None, status=None)) after connection broken by 'NewConnectionError('<urllib3.connection.HTTPConnection object at 0x0000014379D86490>: Failed to establish a new connection: [WinError 10061] No connection could be made because the target machine actively refused it')': /session/8daeb7f6a2ceaf8141cdc35ea26c509a/element
2024-06-07 23:10:39,876 - WARNING - Retrying (Retry(total=2, connect=None, read=None, redirect=None, status=None)) after connection broken by 'NewConnectionError('<urllib3.connection.HTTPConnection object at 0x000001437AB39810>: Failed to establish a new connection: [WinError 10061] No connection could be made because the target machine actively refused it')': /session/8daeb7f6a2ceaf8141cdc35ea26c509a/elements
2024-06-07 23:10:43,950 - WARNING - Retrying (Retry(total=1, connect=None, read=None, redirect=None, status=None)) after connection broken by 'NewConnectionError('<urllib3.connection.HTTPConnection object at 0x000001437AFDF190>: Failed to establish a new connection: [WinError 10061] No connection could be made because the target machine actively refused it')': /session/8daeb7f6a2ceaf8141cdc35ea26c509a/elements
2024-06-07 23:10:48,018 - WARNING - Retrying (Retry(total=0, connect=None, read=None, redirect=None, status=None)) after connection broken by 'NewConnectionError('<urllib3.connection.HTTPConnection object at 0x000001437AB49B50>: Failed to establish a new connection: [WinError 10061] No connection could be made because the target machine actively refused it')': /session/8daeb7f6a2ceaf8141cdc35ea26c509a/elements
2024-06-07 23:10:56,175 - WARNING - Retrying (Retry(total=2, connect=None, read=None, redirect=None, status=None)) after connection broken by 'NewConnectionError('<urllib3.connection.HTTPConnection object at 0x000001437AFE0BD0>: Failed to establish a new connection: [WinError 10061] No connection could be made because the target machine actively refused it')': /session/8daeb7f6a2ceaf8141cdc35ea26c509a/element
2024-06-07 23:11:00,268 - WARNING - Retrying (Retry(total=1, connect=None, read=None, redirect=None, status=None)) after connection broken by 'NewConnectionError('<urllib3.connection.HTTPConnection object at 0x000001437AFE3250>: Failed to establish a new connection: [WinError 10061] No connection could be made because the target machine actively refused it')': /session/8daeb7f6a2ceaf8141cdc35ea26c509a/element
2024-06-07 23:11:04,345 - WARNING - Retrying (Retry(total=0, connect=None, read=None, redirect=None, status=None)) after connection broken by 'NewConnectionError('<urllib3.connection.HTTPConnection object at 0x000001437AFE25D0>: Failed to establish a new connection: [WinError 10061] No connection could be made because the target machine actively refused it')': /session/8daeb7f6a2ceaf8141cdc35ea26c509a/element
2024-06-07 23:11:12,468 - WARNING - Retrying (Retry(total=2, connect=None, read=None, redirect=None, status=None)) after connection broken by 'NewConnectionError('<urllib3.connection.HTTPConnection object at 0x000001437AFEC750>: Failed to establish a new connection: [WinError 10061] No connection could be made because the target machine actively refused it')': /session/8daeb7f6a2ceaf8141cdc35ea26c509a
2024-06-07 23:11:16,535 - WARNING - Retrying (Retry(total=1, connect=None, read=None, redirect=None, status=None)) after connection broken by 'NewConnectionError('<urllib3.connection.HTTPConnection object at 0x000001437AFED510>: Failed to establish a new connection: [WinError 10061] No connection could be made because the target machine actively refused it')': /session/8daeb7f6a2ceaf8141cdc35ea26c509a
2024-06-07 23:11:20,619 - WARNING - Retrying (Retry(total=0, connect=None, read=None, redirect=None, status=None)) after connection broken by 'NewConnectionError('<urllib3.connection.HTTPConnection object at 0x000001437AFEDED0>: Failed to establish a new connection: [WinError 10061] No connection could be made because the target machine actively refused it')': /session/8daeb7f6a2ceaf8141cdc35ea26c509a
2024-06-07 23:12:00,627 - INFO - Started Scraping URL -> 1/2
2024-06-07 23:12:05,892 - INFO - Getting Foreclosure Dates For -> 1/2
2024-06-07 23:13:05,928 - INFO - Started Scraping URL -> 2/2
2024-06-07 23:13:11,720 - INFO - Getting Foreclosure Dates For -> 2/2
2024-06-07 23:13:26,086 - WARNING - Retrying (Retry(total=2, connect=None, read=None, redirect=None, status=None)) after connection broken by 'NewConnectionError('<urllib3.connection.HTTPConnection object at 0x000002872A21C810>: Failed to establish a new connection: [WinError 10061] No connection could be made because the target machine actively refused it')': /session/76657452fe891ffc8e54eba158671588/element
2024-06-07 23:13:30,171 - WARNING - Retrying (Retry(total=1, connect=None, read=None, redirect=None, status=None)) after connection broken by 'NewConnectionError('<urllib3.connection.HTTPConnection object at 0x0000028729779190>: Failed to establish a new connection: [WinError 10061] No connection could be made because the target machine actively refused it')': /session/76657452fe891ffc8e54eba158671588/element
2024-06-07 23:13:34,269 - WARNING - Retrying (Retry(total=0, connect=None, read=None, redirect=None, status=None)) after connection broken by 'NewConnectionError('<urllib3.connection.HTTPConnection object at 0x0000028729DA2E10>: Failed to establish a new connection: [WinError 10061] No connection could be made because the target machine actively refused it')': /session/76657452fe891ffc8e54eba158671588/element
2024-06-07 23:13:42,451 - WARNING - Retrying (Retry(total=2, connect=None, read=None, redirect=None, status=None)) after connection broken by 'NewConnectionError('<urllib3.connection.HTTPConnection object at 0x000002872A20FA50>: Failed to establish a new connection: [WinError 10061] No connection could be made because the target machine actively refused it')': /session/76657452fe891ffc8e54eba158671588/elements
2024-06-07 23:13:46,545 - WARNING - Retrying (Retry(total=1, connect=None, read=None, redirect=None, status=None)) after connection broken by 'NewConnectionError('<urllib3.connection.HTTPConnection object at 0x000002872A20EE50>: Failed to establish a new connection: [WinError 10061] No connection could be made because the target machine actively refused it')': /session/76657452fe891ffc8e54eba158671588/elements
2024-06-07 23:13:50,644 - WARNING - Retrying (Retry(total=0, connect=None, read=None, redirect=None, status=None)) after connection broken by 'NewConnectionError('<urllib3.connection.HTTPConnection object at 0x0000028729DA36D0>: Failed to establish a new connection: [WinError 10061] No connection could be made because the target machine actively refused it')': /session/76657452fe891ffc8e54eba158671588/elements
2024-06-07 23:13:58,850 - WARNING - Retrying (Retry(total=2, connect=None, read=None, redirect=None, status=None)) after connection broken by 'NewConnectionError('<urllib3.connection.HTTPConnection object at 0x0000028729D86F50>: Failed to establish a new connection: [WinError 10061] No connection could be made because the target machine actively refused it')': /session/76657452fe891ffc8e54eba158671588/element
2024-06-07 23:14:02,955 - WARNING - Retrying (Retry(total=1, connect=None, read=None, redirect=None, status=None)) after connection broken by 'NewConnectionError('<urllib3.connection.HTTPConnection object at 0x000002872A21CDD0>: Failed to establish a new connection: [WinError 10061] No connection could be made because the target machine actively refused it')': /session/76657452fe891ffc8e54eba158671588/element
2024-06-07 23:14:07,046 - WARNING - Retrying (Retry(total=0, connect=None, read=None, redirect=None, status=None)) after connection broken by 'NewConnectionError('<urllib3.connection.HTTPConnection object at 0x000002872718F190>: Failed to establish a new connection: [WinError 10061] No connection could be made because the target machine actively refused it')': /session/76657452fe891ffc8e54eba158671588/element
2024-06-07 23:14:15,201 - WARNING - Retrying (Retry(total=2, connect=None, read=None, redirect=None, status=None)) after connection broken by 'NewConnectionError('<urllib3.connection.HTTPConnection object at 0x0000028729D87410>: Failed to establish a new connection: [WinError 10061] No connection could be made because the target machine actively refused it')': /session/76657452fe891ffc8e54eba158671588
2024-06-07 23:18:29,556 - INFO - Started Scraping URL -> 1/2
2024-06-07 23:18:38,458 - INFO - Getting Foreclosure Dates For -> 1/2
2024-06-07 23:19:39,133 - INFO - Started Scraping URL -> 1/2
2024-06-07 23:19:44,672 - INFO - Getting Foreclosure Dates For -> 1/2
2024-06-07 23:26:52,612 - INFO - Started Scraping URL -> 2/2
2024-06-07 23:27:02,656 - INFO - Getting Foreclosure Dates For -> 2/2
